# JRE version: Java(TM) SE Runtime Environment (21.0.2+13) (build 21.0.2+13-LTS-58)
# Java VM: Java HotSpot(TM) 64-Bit Server VM (21.0.2+13-LTS-58, mixed mode, sharing, tiered, compressed oops, compressed class ptrs, g1 gc, windows-amd64)
GC Precious Log:
 CardTable entry size: 512
 Card Set container configuration: InlinePtr #cards 4 size 8 Array Of Cards #cards 32 size 80 Howl #buckets 8 coarsen threshold 7372 Howl Bitmap #cards 1024 size 144 coarsen threshold 921 Card regions per heap region 1 cards per card region 8192
 CPUs: 12 total, 12 available
 Memory: 7563M
 Large Page Support: Disabled
 NUMA Support: Disabled
 Compressed Oops: Enabled (Zero based)
 Heap Region Size: 4M
 Heap Min Capacity: 8M
 Heap Initial Capacity: 120M
 Heap Max Capacity: 4608M
 Pre-touch: Disabled
 Parallel Workers: 10
 Concurrent Workers: 3
 Concurrent Refinement Workers: 10
 Periodic GC: Disabled
Heap:
 garbage-first heap   total 192512K, used 171959K [0x00000006e0000000, 0x0000000800000000)
  region size 4096K, 15 young (61440K), 1 survivors (4096K)
 Metaspace       used 99615K, committed 101888K, reserved 1179648K
  class space    used 13604K, committed 14720K, reserved 1048576K
GC Heap History (20 events):
Event: 219.560 GC heap after
{Heap after GC invocations=26 (full 0):
 garbage-first heap   total 143360K, used 82978K [0x00000006e0000000, 0x0000000800000000)
  region size 4096K, 2 young (8192K), 2 survivors (8192K)
 Metaspace       used 68789K, committed 70720K, reserved 1114112K
  class space    used 9538K, committed 10496K, reserved 1048576K
}
Event: 222.752 GC heap before
{Heap before GC invocations=27 (full 0):
 garbage-first heap   total 151552K, used 119842K [0x00000006e0000000, 0x0000000800000000)
  region size 4096K, 11 young (45056K), 2 survivors (8192K)
 Metaspace       used 68815K, committed 70720K, reserved 1114112K
  class space    used 9539K, committed 10496K, reserved 1048576K
}
Event: 222.775 GC heap after
{Heap after GC invocations=28 (full 0):
 garbage-first heap   total 151552K, used 84700K [0x00000006e0000000, 0x0000000800000000)
  region size 4096K, 2 young (8192K), 2 survivors (8192K)
 Metaspace       used 68815K, committed 70720K, reserved 1114112K
  class space    used 9539K, committed 10496K, reserved 1048576K
}
Event: 258.933 GC heap before
{Heap before GC invocations=28 (full 0):
 garbage-first heap   total 151552K, used 121564K [0x00000006e0000000, 0x0000000800000000)
  region size 4096K, 12 young (49152K), 2 survivors (8192K)
 Metaspace       used 69347K, committed 71296K, reserved 1114112K
  class space    used 9613K, committed 10560K, reserved 1048576K
}
Event: 259.037 GC heap after
{Heap after GC invocations=29 (full 0):
 garbage-first heap   total 184320K, used 88036K [0x00000006e0000000, 0x0000000800000000)
  region size 4096K, 2 young (8192K), 2 survivors (8192K)
 Metaspace       used 69347K, committed 71296K, reserved 1114112K
  class space    used 9613K, committed 10560K, reserved 1048576K
}
Event: 285.647 GC heap before
{Heap before GC invocations=30 (full 0):
 garbage-first heap   total 184320K, used 153572K [0x00000006e0000000, 0x0000000800000000)
  region size 4096K, 19 young (77824K), 2 survivors (8192K)
 Metaspace       used 74662K, committed 76608K, reserved 1179648K
  class space    used 10183K, committed 11136K, reserved 1048576K
}
Event: 285.695 GC heap after
{Heap after GC invocations=31 (full 0):
 garbage-first heap   total 184320K, used 92877K [0x00000006e0000000, 0x0000000800000000)
  region size 4096K, 2 young (8192K), 2 survivors (8192K)
 Metaspace       used 74662K, committed 76608K, reserved 1179648K
  class space    used 10183K, committed 11136K, reserved 1048576K
}
Event: 294.201 GC heap before
{Heap before GC invocations=31 (full 0):
 garbage-first heap   total 184320K, used 154317K [0x00000006e0000000, 0x0000000800000000)
  region size 4096K, 17 young (69632K), 2 survivors (8192K)
 Metaspace       used 78940K, committed 81088K, reserved 1179648K
  class space    used 10784K, committed 11840K, reserved 1048576K
}
Event: 294.235 GC heap after
{Heap after GC invocations=32 (full 0):
 garbage-first heap   total 184320K, used 98433K [0x00000006e0000000, 0x0000000800000000)
  region size 4096K, 3 young (12288K), 3 survivors (12288K)
 Metaspace       used 78940K, committed 81088K, reserved 1179648K
  class space    used 10784K, committed 11840K, reserved 1048576K
}
Event: 300.760 GC heap before
{Heap before GC invocations=32 (full 0):
 garbage-first heap   total 184320K, used 155777K [0x00000006e0000000, 0x0000000800000000)
  region size 4096K, 17 young (69632K), 3 survivors (12288K)
 Metaspace       used 83163K, committed 85248K, reserved 1179648K
  class space    used 11315K, committed 12352K, reserved 1048576K
}
Event: 300.806 GC heap after
{Heap after GC invocations=33 (full 0):
 garbage-first heap   total 184320K, used 101266K [0x00000006e0000000, 0x0000000800000000)
  region size 4096K, 3 young (12288K), 3 survivors (12288K)
 Metaspace       used 83163K, committed 85248K, reserved 1179648K
  class space    used 11315K, committed 12352K, reserved 1048576K
}
Event: 340.674 GC heap before
{Heap before GC invocations=34 (full 0):
 garbage-first heap   total 184320K, used 154514K [0x00000006e0000000, 0x0000000800000000)
  region size 4096K, 16 young (65536K), 3 survivors (12288K)
 Metaspace       used 85847K, committed 88000K, reserved 1179648K
  class space    used 11687K, committed 12736K, reserved 1048576K
}
Event: 341.328 GC heap after
{Heap after GC invocations=35 (full 0):
 garbage-first heap   total 184320K, used 106265K [0x00000006e0000000, 0x0000000800000000)
  region size 4096K, 2 young (8192K), 2 survivors (8192K)
 Metaspace       used 85847K, committed 88000K, reserved 1179648K
  class space    used 11687K, committed 12736K, reserved 1048576K
}
Event: 344.182 GC heap before
{Heap before GC invocations=35 (full 0):
 garbage-first heap   total 184320K, used 110361K [0x00000006e0000000, 0x0000000800000000)
  region size 4096K, 3 young (12288K), 2 survivors (8192K)
 Metaspace       used 86154K, committed 88384K, reserved 1179648K
  class space    used 11736K, committed 12800K, reserved 1048576K
}
Event: 344.206 GC heap after
{Heap after GC invocations=36 (full 0):
 garbage-first heap   total 184320K, used 106747K [0x00000006e0000000, 0x0000000800000000)
  region size 4096K, 1 young (4096K), 1 survivors (4096K)
 Metaspace       used 86154K, committed 88384K, reserved 1179648K
  class space    used 11736K, committed 12800K, reserved 1048576K
}
Event: 370.054 GC heap before
{Heap before GC invocations=36 (full 0):
 garbage-first heap   total 184320K, used 164091K [0x00000006e0000000, 0x0000000800000000)
  region size 4096K, 15 young (61440K), 1 survivors (4096K)
 Metaspace       used 90293K, committed 92480K, reserved 1179648K
  class space    used 12439K, committed 13504K, reserved 1048576K
}
Event: 370.101 GC heap after
{Heap after GC invocations=37 (full 0):
 garbage-first heap   total 184320K, used 107501K [0x00000006e0000000, 0x0000000800000000)
  region size 4096K, 1 young (4096K), 1 survivors (4096K)
 Metaspace       used 90293K, committed 92480K, reserved 1179648K
  class space    used 12439K, committed 13504K, reserved 1048576K
}
Event: 383.077 GC heap before
{Heap before GC invocations=38 (full 0):
 garbage-first heap   total 192512K, used 160749K [0x00000006e0000000, 0x0000000800000000)
  region size 4096K, 15 young (61440K), 1 survivors (4096K)
 Metaspace       used 93901K, committed 96192K, reserved 1179648K
  class space    used 12895K, committed 14016K, reserved 1048576K
}
Event: 383.096 GC heap after
{Heap after GC invocations=39 (full 0):
 garbage-first heap   total 192512K, used 114615K [0x00000006e0000000, 0x0000000800000000)
  region size 4096K, 2 young (8192K), 2 survivors (8192K)
 Metaspace       used 93901K, committed 96192K, reserved 1179648K
  class space    used 12895K, committed 14016K, reserved 1048576K
}
Event: 468.705 GC heap before
{Heap before GC invocations=39 (full 0):
 garbage-first heap   total 192512K, used 171959K [0x00000006e0000000, 0x0000000800000000)
  region size 4096K, 16 young (65536K), 2 survivors (8192K)
 Metaspace       used 99615K, committed 101888K, reserved 1179648K
  class space    used 13604K, committed 14720K, reserved 1048576K
}

