# JRE version: Java(TM) SE Runtime Environment (21.0.2+13) (build 21.0.2+13-LTS-58)
# Java VM: Java HotSpot(TM) 64-Bit Server VM (21.0.2+13-LTS-58, mixed mode, sharing, tiered, compressed oops, compressed class ptrs, g1 gc, windows-amd64)
GC Precious Log:
 CardTable entry size: 512
 Card Set container configuration: InlinePtr #cards 4 size 8 Array Of Cards #cards 32 size 80 Howl #buckets 8 coarsen threshold 7372 Howl Bitmap #cards 1024 size 144 coarsen threshold 921 Card regions per heap region 1 cards per card region 8192
 CPUs: 12 total, 12 available
 Memory: 7563M
 Large Page Support: Disabled
 NUMA Support: Disabled
 Compressed Oops: Enabled (Zero based)
 Heap Region Size: 4M
 Heap Min Capacity: 8M
 Heap Initial Capacity: 120M
 Heap Max Capacity: 4608M
 Pre-touch: Disabled
 Parallel Workers: 10
 Concurrent Workers: 3
 Concurrent Refinement Workers: 10
 Periodic GC: Disabled
Heap:
 garbage-first heap   total 233472K, used 177785K [0x00000006e0000000, 0x0000000800000000)
  region size 4096K, 20 young (81920K), 2 survivors (8192K)
 Metaspace       used 99982K, committed 102336K, reserved 1179648K
  class space    used 13613K, committed 14784K, reserved 1048576K
GC Heap History (20 events):
Event: 249.136 GC heap before
{Heap before GC invocations=26 (full 0):
 garbage-first heap   total 151552K, used 116212K [0x00000006e0000000, 0x0000000800000000)
  region size 4096K, 11 young (45056K), 2 survivors (8192K)
 Metaspace       used 69010K, committed 70912K, reserved 1114112K
  class space    used 9561K, committed 10496K, reserved 1048576K
}
Event: 250.846 GC heap after
{Heap after GC invocations=27 (full 0):
 garbage-first heap   total 151552K, used 85801K [0x00000006e0000000, 0x0000000800000000)
  region size 4096K, 2 young (8192K), 2 survivors (8192K)
 Metaspace       used 69010K, committed 70912K, reserved 1114112K
  class space    used 9561K, committed 10496K, reserved 1048576K
}
Event: 253.821 GC heap before
{Heap before GC invocations=27 (full 0):
 garbage-first heap   total 151552K, used 89897K [0x00000006e0000000, 0x0000000800000000)
  region size 4096K, 3 young (12288K), 2 survivors (8192K)
 Metaspace       used 69255K, committed 71168K, reserved 1114112K
  class space    used 9599K, committed 10560K, reserved 1048576K
}
Event: 253.847 GC heap after
{Heap after GC invocations=28 (full 0):
 garbage-first heap   total 188416K, used 86254K [0x00000006e0000000, 0x0000000800000000)
  region size 4096K, 1 young (4096K), 1 survivors (4096K)
 Metaspace       used 69255K, committed 71168K, reserved 1114112K
  class space    used 9599K, committed 10560K, reserved 1048576K
}
Event: 254.426 GC heap before
{Heap before GC invocations=29 (full 0):
 garbage-first heap   total 188416K, used 86254K [0x00000006e0000000, 0x0000000800000000)
  region size 4096K, 2 young (8192K), 1 survivors (4096K)
 Metaspace       used 69339K, committed 71296K, reserved 1114112K
  class space    used 9613K, committed 10560K, reserved 1048576K
}
Event: 254.440 GC heap after
{Heap after GC invocations=30 (full 0):
 garbage-first heap   total 188416K, used 87379K [0x00000006e0000000, 0x0000000800000000)
  region size 4096K, 1 young (4096K), 1 survivors (4096K)
 Metaspace       used 69339K, committed 71296K, reserved 1114112K
  class space    used 9613K, committed 10560K, reserved 1048576K
}
Event: 256.624 GC heap before
{Heap before GC invocations=30 (full 0):
 garbage-first heap   total 188416K, used 91475K [0x00000006e0000000, 0x0000000800000000)
  region size 4096K, 2 young (8192K), 1 survivors (4096K)
 Metaspace       used 69352K, committed 71296K, reserved 1114112K
  class space    used 9613K, committed 10560K, reserved 1048576K
}
Event: 256.643 GC heap after
{Heap after GC invocations=31 (full 0):
 garbage-first heap   total 188416K, used 88516K [0x00000006e0000000, 0x0000000800000000)
  region size 4096K, 1 young (4096K), 1 survivors (4096K)
 Metaspace       used 69352K, committed 71296K, reserved 1114112K
  class space    used 9613K, committed 10560K, reserved 1048576K
}
Event: 258.104 GC heap before
{Heap before GC invocations=31 (full 0):
 garbage-first heap   total 188416K, used 92612K [0x00000006e0000000, 0x0000000800000000)
  region size 4096K, 3 young (12288K), 1 survivors (4096K)
 Metaspace       used 69911K, committed 71872K, reserved 1114112K
  class space    used 9665K, committed 10624K, reserved 1048576K
}
Event: 258.125 GC heap after
{Heap after GC invocations=32 (full 0):
 garbage-first heap   total 188416K, used 89331K [0x00000006e0000000, 0x0000000800000000)
  region size 4096K, 1 young (4096K), 1 survivors (4096K)
 Metaspace       used 69911K, committed 71872K, reserved 1114112K
  class space    used 9665K, committed 10624K, reserved 1048576K
}
Event: 261.824 GC heap before
{Heap before GC invocations=32 (full 0):
 garbage-first heap   total 188416K, used 118003K [0x00000006e0000000, 0x0000000800000000)
  region size 4096K, 9 young (36864K), 1 survivors (4096K)
 Metaspace       used 72450K, committed 74432K, reserved 1114112K
  class space    used 9971K, committed 10944K, reserved 1048576K
}
Event: 261.915 GC heap after
{Heap after GC invocations=33 (full 0):
 garbage-first heap   total 188416K, used 91146K [0x00000006e0000000, 0x0000000800000000)
  region size 4096K, 1 young (4096K), 1 survivors (4096K)
 Metaspace       used 72450K, committed 74432K, reserved 1114112K
  class space    used 9971K, committed 10944K, reserved 1048576K
}
Event: 283.776 GC heap before
{Heap before GC invocations=33 (full 0):
 garbage-first heap   total 188416K, used 144394K [0x00000006e0000000, 0x0000000800000000)
  region size 4096K, 14 young (57344K), 1 survivors (4096K)
 Metaspace       used 77869K, committed 80000K, reserved 1179648K
  class space    used 10622K, committed 11648K, reserved 1048576K
}
Event: 283.787 GC heap after
{Heap after GC invocations=34 (full 0):
 garbage-first heap   total 233472K, used 92526K [0x00000006e0000000, 0x0000000800000000)
  region size 4096K, 2 young (8192K), 2 survivors (8192K)
 Metaspace       used 77869K, committed 80000K, reserved 1179648K
  class space    used 10622K, committed 11648K, reserved 1048576K
}
Event: 292.357 GC heap before
{Heap before GC invocations=34 (full 0):
 garbage-first heap   total 233472K, used 174446K [0x00000006e0000000, 0x0000000800000000)
  region size 4096K, 22 young (90112K), 2 survivors (8192K)
 Metaspace       used 82584K, committed 84736K, reserved 1179648K
  class space    used 11231K, committed 12288K, reserved 1048576K
}
Event: 292.379 GC heap after
{Heap after GC invocations=35 (full 0):
 garbage-first heap   total 233472K, used 100027K [0x00000006e0000000, 0x0000000800000000)
  region size 4096K, 3 young (12288K), 3 survivors (12288K)
 Metaspace       used 82584K, committed 84736K, reserved 1179648K
  class space    used 11231K, committed 12288K, reserved 1048576K
}
Event: 330.878 GC heap before
{Heap before GC invocations=35 (full 0):
 garbage-first heap   total 233472K, used 169659K [0x00000006e0000000, 0x0000000800000000)
  region size 4096K, 20 young (81920K), 3 survivors (12288K)
 Metaspace       used 86634K, committed 88768K, reserved 1179648K
  class space    used 11793K, committed 12864K, reserved 1048576K
}
Event: 330.950 GC heap after
{Heap after GC invocations=36 (full 0):
 garbage-first heap   total 233472K, used 103445K [0x00000006e0000000, 0x0000000800000000)
  region size 4096K, 1 young (4096K), 1 survivors (4096K)
 Metaspace       used 86634K, committed 88768K, reserved 1179648K
  class space    used 11793K, committed 12864K, reserved 1048576K
}
Event: 388.351 GC heap before
{Heap before GC invocations=36 (full 0):
 garbage-first heap   total 233472K, used 197653K [0x00000006e0000000, 0x0000000800000000)
  region size 4096K, 25 young (102400K), 1 survivors (4096K)
 Metaspace       used 93856K, committed 96064K, reserved 1179648K
  class space    used 12868K, committed 13952K, reserved 1048576K
}
Event: 388.436 GC heap after
{Heap after GC invocations=37 (full 0):
 garbage-first heap   total 233472K, used 108153K [0x00000006e0000000, 0x0000000800000000)
  region size 4096K, 2 young (8192K), 2 survivors (8192K)
 Metaspace       used 93856K, committed 96064K, reserved 1179648K
  class space    used 12868K, committed 13952K, reserved 1048576K
}

